\BOOKMARK [0][-]{chapter*.1}{Agradecimentos}{}% 1
\BOOKMARK [0][-]{chapter*.1}{Resumo}{}% 2
\BOOKMARK [0][-]{chapter*.1}{Abstract}{}% 3
\BOOKMARK [0][-]{chapter*.2}{Lista de Abreviaturas e Siglas}{}% 4
\BOOKMARK [0][-]{chapter.1}{Criptografia Completamente Homom\363rfica}{}% 5
\BOOKMARK [1][-]{section.1.1}{Introdu\347\343o}{chapter.1}% 6
\BOOKMARK [1][-]{section.1.2}{Criptografia completamente homom\363rfica}{chapter.1}% 7
\BOOKMARK [2][-]{subsection.1.2.1}{Origens}{section.1.2}% 8
\BOOKMARK [2][-]{subsection.1.2.2}{Defini\347\343o}{section.1.2}% 9
\BOOKMARK [2][-]{subsection.1.2.3}{O sistema estudado}{section.1.2}% 10
\BOOKMARK [1][-]{section.1.3}{Aplica\347\365es}{chapter.1}% 11
\BOOKMARK [2][-]{subsection.1.3.1}{Computa\347\343o em nuvem}{section.1.3}% 12
\BOOKMARK [2][-]{subsection.1.3.2}{Buscas seguras}{section.1.3}% 13
\BOOKMARK [2][-]{subsection.1.3.3}{Seguran\347a de software}{section.1.3}% 14
\BOOKMARK [2][-]{subsection.1.3.4}{Re-criptografia de Proxys}{section.1.3}% 15
\BOOKMARK [2][-]{subsection.1.3.5}{Filtros de emails sigilosos}{section.1.3}% 16
\BOOKMARK [2][-]{subsection.1.3.6}{Limita\347\365es atuais}{section.1.3}% 17
\BOOKMARK [1][-]{section.1.4}{Constru\347\343o do sistema}{chapter.1}% 18
\BOOKMARK [2][-]{subsection.1.4.1}{Sistema parcialmente homom\363rfico}{section.1.4}% 19
\BOOKMARK [2][-]{subsection.1.4.2}{De parcialmente para completamente homom\363rfico}{section.1.4}% 20
\BOOKMARK [2][-]{subsection.1.4.3}{Simplificando a descriptografia}{section.1.4}% 21
\BOOKMARK [2][-]{subsection.1.4.4}{Como as opera\347\365es funcionam}{section.1.4}% 22
\BOOKMARK [1][-]{section.1.5}{Seguran\347a}{chapter.1}% 23
\BOOKMARK [2][-]{subsection.1.5.1}{Ataques conhecidos}{section.1.5}% 24
\BOOKMARK [1][-]{section.1.6}{Implementa\347\343o do algoritmo}{chapter.1}% 25
\BOOKMARK [2][-]{subsection.1.6.1}{O que est\341 implementado}{section.1.6}% 26
\BOOKMARK [2][-]{subsection.1.6.2}{Diferen\347as entre a implementa\347\343o e o sistema de Gentry}{section.1.6}% 27
\BOOKMARK [1][-]{section.1.7}{Testes e Compara\347\365es}{chapter.1}% 28
\BOOKMARK [2][-]{subsection.1.7.1}{Arquitetura usada}{section.1.7}% 29
\BOOKMARK [2][-]{subsection.1.7.2}{Implementa\347\343o usada para compara\347\343o}{section.1.7}% 30
\BOOKMARK [2][-]{subsection.1.7.3}{Metodolog\355a}{section.1.7}% 31
\BOOKMARK [2][-]{subsection.1.7.4}{Compara\347\365es e Resultados}{section.1.7}% 32
\BOOKMARK [1][-]{section.1.8}{Conclus\365es}{chapter.1}% 33
