\BOOKMARK [0][-]{chapter*.2}{Resumo}{}% 1
\BOOKMARK [0][-]{chapter*.3}{Abstract}{}% 2
\BOOKMARK [0][-]{chapter.1}{Introdu\347\343o}{}% 3
\BOOKMARK [0][-]{chapter.2}{Criptografia Completamente Homom\363rfica}{}% 4
\BOOKMARK [1][-]{section.2.1}{Origens}{chapter.2}% 5
\BOOKMARK [1][-]{section.2.2}{Defini\347\343o}{chapter.2}% 6
\BOOKMARK [1][-]{section.2.3}{O sistema estudado}{chapter.2}% 7
\BOOKMARK [0][-]{chapter.3}{Aplica\347\365es}{}% 8
\BOOKMARK [1][-]{section.3.1}{Computa\347\343o em nuvem}{chapter.3}% 9
\BOOKMARK [1][-]{section.3.2}{Buscas seguras}{chapter.3}% 10
\BOOKMARK [1][-]{section.3.3}{Seguran\347a de software}{chapter.3}% 11
\BOOKMARK [1][-]{section.3.4}{Re-criptografia de Proxys}{chapter.3}% 12
\BOOKMARK [1][-]{section.3.5}{Filtros de emails sigilosos}{chapter.3}% 13
\BOOKMARK [1][-]{section.3.6}{Limita\347\365es atuais}{chapter.3}% 14
\BOOKMARK [0][-]{chapter.4}{Constru\347\343o do sistema}{}% 15
\BOOKMARK [1][-]{section.4.1}{Sistema parcialmente homom\363rfico}{chapter.4}% 16
\BOOKMARK [1][-]{section.4.2}{De parcialmente para completamente homom\363rfico}{chapter.4}% 17
\BOOKMARK [1][-]{section.4.3}{Simplificando a descriptografia}{chapter.4}% 18
\BOOKMARK [1][-]{section.4.4}{Como as opera\347\365es funcionam}{chapter.4}% 19
\BOOKMARK [0][-]{chapter.5}{Seguran\347a}{}% 20
\BOOKMARK [1][-]{section.5.1}{Ataques conhecidos}{chapter.5}% 21
\BOOKMARK [0][-]{chapter.6}{Implementa\347\343o do algoritmo}{}% 22
\BOOKMARK [1][-]{section.6.1}{O que est\341 implementado}{chapter.6}% 23
\BOOKMARK [1][-]{section.6.2}{Diferen\347as entre a implementa\347\343o e o sistema de Gentry}{chapter.6}% 24
\BOOKMARK [0][-]{chapter.7}{Testes e Compara\347\365es}{}% 25
\BOOKMARK [1][-]{section.7.1}{Arquitetura usada}{chapter.7}% 26
\BOOKMARK [1][-]{section.7.2}{Implementa\347\343o usada para compara\347\343o}{chapter.7}% 27
\BOOKMARK [1][-]{section.7.3}{Metodolog\355a}{chapter.7}% 28
\BOOKMARK [1][-]{section.7.4}{Compara\347\365es e Resultados}{chapter.7}% 29
\BOOKMARK [0][-]{chapter.8}{Conclus\343o}{}% 30
\BOOKMARK [0][-]{chapter*.5}{Bibliografia}{}% 31
